<?xml version="1.0" encoding="UTF-8"?>
<testng-results total="3" passed="3" failed="0" skipped="0">
  <reporter-output>
  </reporter-output>
  <suite started-at="2021-10-14T14:16:47Z" name="Default suite" finished-at="2021-10-14T14:17:37Z" duration-ms="50444">
    <groups>
    </groups>
    <test started-at="2021-10-14T14:16:47Z" name="Default test" finished-at="2021-10-14T14:17:37Z" duration-ms="50444">
      <class name="TestScript.InterestCal">
        <test-method is-config="true" signature="beforeTest()[pri:0, instance:TestScript.InterestCal@4ebff610]" started-at="2021-10-14T19:46:47Z" name="beforeTest" finished-at="2021-10-14T19:47:17Z" duration-ms="30938" status="PASS">
          <reporter-output>
          </reporter-output>
        </test-method> <!-- beforeTest -->
        <test-method signature="interestCal()[pri:0, instance:TestScript.InterestCal@4ebff610]" started-at="2021-10-14T19:47:18Z" name="interestCal" finished-at="2021-10-14T19:47:36Z" duration-ms="18673" status="PASS">
          <reporter-output>
          </reporter-output>
        </test-method> <!-- interestCal -->
        <test-method signature="totalRepaymentCal()[pri:0, instance:TestScript.InterestCal@4ebff610]" started-at="2021-10-14T19:47:36Z" name="totalRepaymentCal" finished-at="2021-10-14T19:47:36Z" duration-ms="67" status="PASS">
          <reporter-output>
          </reporter-output>
        </test-method> <!-- totalRepaymentCal -->
        <test-method signature="totalInterestCharged()[pri:0, instance:TestScript.InterestCal@4ebff610]" started-at="2021-10-14T19:47:36Z" name="totalInterestCharged" finished-at="2021-10-14T19:47:36Z" duration-ms="49" status="PASS">
          <reporter-output>
          </reporter-output>
        </test-method> <!-- totalInterestCharged -->
        <test-method is-config="true" signature="afterTest()[pri:0, instance:TestScript.InterestCal@4ebff610]" started-at="2021-10-14T19:47:36Z" name="afterTest" finished-at="2021-10-14T19:47:37Z" duration-ms="669" status="PASS">
          <reporter-output>
          </reporter-output>
        </test-method> <!-- afterTest -->
      </class> <!-- TestScript.InterestCal -->
    </test> <!-- Default test -->
  </suite> <!-- Default suite -->
</testng-results>
